F:\SandBox\DutchTreatPlural\DutchTreat\dist\out-tsc\app\app-routing.module.js
F:\SandBox\DutchTreatPlural\DutchTreat\dist\out-tsc\app\app-routing.module.js.map
F:\SandBox\DutchTreatPlural\DutchTreat\dist\out-tsc\app\app.component.js
F:\SandBox\DutchTreatPlural\DutchTreat\dist\out-tsc\app\app.component.js.map
F:\SandBox\DutchTreatPlural\DutchTreat\dist\out-tsc\app\shared\product.js
F:\SandBox\DutchTreatPlural\DutchTreat\dist\out-tsc\app\shared\product.js.map
F:\SandBox\DutchTreatPlural\DutchTreat\dist\out-tsc\app\shared\order.js
F:\SandBox\DutchTreatPlural\DutchTreat\dist\out-tsc\app\shared\order.js.map
F:\SandBox\DutchTreatPlural\DutchTreat\dist\out-tsc\app\shared\dataservice.js
F:\SandBox\DutchTreatPlural\DutchTreat\dist\out-tsc\app\shared\dataservice.js.map
F:\SandBox\DutchTreatPlural\DutchTreat\dist\out-tsc\app\shop\productList.component.js
F:\SandBox\DutchTreatPlural\DutchTreat\dist\out-tsc\app\shop\productList.component.js.map
F:\SandBox\DutchTreatPlural\DutchTreat\dist\out-tsc\app\shop\cart.component.js
F:\SandBox\DutchTreatPlural\DutchTreat\dist\out-tsc\app\shop\cart.component.js.map
F:\SandBox\DutchTreatPlural\DutchTreat\dist\out-tsc\app\shop\shop.component.js
F:\SandBox\DutchTreatPlural\DutchTreat\dist\out-tsc\app\shop\shop.component.js.map
F:\SandBox\DutchTreatPlural\DutchTreat\dist\out-tsc\app\checkout\checkout.component.js
F:\SandBox\DutchTreatPlural\DutchTreat\dist\out-tsc\app\checkout\checkout.component.js.map
F:\SandBox\DutchTreatPlural\DutchTreat\dist\out-tsc\app\login\login.component.js
F:\SandBox\DutchTreatPlural\DutchTreat\dist\out-tsc\app\login\login.component.js.map
F:\SandBox\DutchTreatPlural\DutchTreat\dist\out-tsc\app\app.module.js
F:\SandBox\DutchTreatPlural\DutchTreat\dist\out-tsc\app\app.module.js.map
F:\SandBox\DutchTreatPlural\DutchTreat\dist\out-tsc\environments\environment.js
F:\SandBox\DutchTreatPlural\DutchTreat\dist\out-tsc\environments\environment.js.map
F:\SandBox\DutchTreatPlural\DutchTreat\dist\out-tsc\main.js
F:\SandBox\DutchTreatPlural\DutchTreat\dist\out-tsc\main.js.map
F:\SandBox\DutchTreatPlural\DutchTreat\dist\out-tsc\polyfills.js
F:\SandBox\DutchTreatPlural\DutchTreat\dist\out-tsc\polyfills.js.map
F:\SandBox\DutchTreatPlural\DutchTreat\dist\out-tsc\test.js
F:\SandBox\DutchTreatPlural\DutchTreat\dist\out-tsc\test.js.map
F:\SandBox\DutchTreatPlural\DutchTreat\dist\out-tsc\environments\environment.prod.js
F:\SandBox\DutchTreatPlural\DutchTreat\dist\out-tsc\environments\environment.prod.js.map
